<?xml version="1.0" encoding="UTF-8"?>
<!-- Generated by org.testng.reporters.JUnitReportReporter -->
<testsuite hostname="DESKTOP-O2HH490" failures="0" tests="1" name="tests.AutomationPracticeFormTest" time="15.996" errors="0" timestamp="2025-07-22T18:31:46 ICT" skipped="0">
  <testcase classname="tests.AutomationPracticeFormTest" name="submitDataSuccessfully" time="15.996"/>
  <system-out/>
</testsuite> <!-- tests.AutomationPracticeFormTest -->
