<?xml version="1.0" encoding="UTF-8"?>
<!-- Generated by org.testng.reporters.JUnitReportReporter -->
<testsuite hostname="DESKTOP-O2HH490" failures="0" tests="1" name="tests.TextBoxTest" time="8.727" errors="0" timestamp="2025-06-19T23:28:04 ICT" skipped="0">
  <testcase classname="tests.TextBoxTest" name="submitSuccessfully" time="8.727"/>
  <system-out/>
</testsuite> <!-- tests.TextBoxTest -->
