<?xml version="1.0" encoding="UTF-8"?>
<!-- Generated by org.testng.reporters.JUnitReportReporter -->
<testsuite hostname="DESKTOP-O2HH490" failures="0" tests="1" name="tests.CheckBoxTest" time="13.842" errors="0" timestamp="2025-05-29T22:12:01 ICT" skipped="0">
  <testcase classname="tests.CheckBoxTest" name="testSelectHomeCheckBox" time="13.842"/>
  <system-out/>
</testsuite> <!-- tests.CheckBoxTest -->
