<?xml version="1.0" encoding="UTF-8"?>
<!-- Generated by org.testng.reporters.JUnitReportReporter -->
<testsuite hostname="DESKTOP-O2HH490" failures="0" tests="1" name="tests.AutomationPracticeFormTest" time="9.389" errors="0" timestamp="2025-07-13T16:20:12 ICT" skipped="0">
  <testcase classname="tests.AutomationPracticeFormTest" name="submitDataSuccessfully" time="9.389"/>
  <system-out/>
</testsuite> <!-- tests.AutomationPracticeFormTest -->
